<?xml version="1.0" encoding="UTF-8"?>
<collection xmlns="http://www.loc.gov/MARC21/slim">
   <record id="{person=Allen, Richard}" type="c:Person">
      <datafield tag="700" ind1="1" ind2=" ">
         <subfield code="a" type="a:nameOfPerson">Allen, Richard</subfield>
      </datafield>
   </record>
   <record id="{person=Benmussa, Simone}" type="c:Person">
      <datafield tag="700" ind1="1" ind2=" ">
         <subfield code="a" type="a:nameOfPerson">Benmussa, Simone</subfield>
      </datafield>
   </record>
   <record id="{person=Christie, Agatha;1890-1976}" type="c:Person">
      <datafield tag="100" ind1="1" ind2=" ">
         <subfield code="a" type="a:nameOfPerson">Christie, Agatha</subfield>
         <subfield code="d" type="a:dateAssociatedWithPerson">1890-1976</subfield>
      </datafield>
      <datafield tag="600" ind1="1" ind2="0">
         <subfield code="a" type="a:nameOfPerson">Christie, Agatha</subfield>
         <subfield code="d" type="a:dateAssociatedWithPerson">1890-1976</subfield>
      </datafield>
      <datafield tag="700" ind1="1" ind2=" ">
         <subfield code="a" type="a:nameOfPerson">Christie, Agatha</subfield>
         <subfield code="d" type="a:dateAssociatedWithPerson">1890-1976</subfield>
      </datafield>
      <frbrizer:relationship xmlns:frbrizer="http://idi.ntnu.no/frbrizer/"
                             type="a:authorOf"
                             href="{work=4:50 from Paddington;{person=Christie, Agatha;1890-1976}}"/>
      <frbrizer:relationship xmlns:frbrizer="http://idi.ntnu.no/frbrizer/"
                             type="a:authorOf"
                             href="{work=A Body in the library;{person=Christie, Agatha;1890-1976}}"/>
      <frbrizer:relationship xmlns:frbrizer="http://idi.ntnu.no/frbrizer/"
                             type="a:authorOf"
                             href="{work=A Miss Marple quartet;{person=Christie, Agatha;1890-1976}}"/>
      <frbrizer:relationship xmlns:frbrizer="http://idi.ntnu.no/frbrizer/"
                             type="a:authorOf"
                             href="{work=A murder is announced;{person=Christie, Agatha;1890-1976}}"/>
      <frbrizer:relationship xmlns:frbrizer="http://idi.ntnu.no/frbrizer/"
                             type="a:authorOf"
                             href="{work=Agatha Christie's Poirot;{person=Christie, Agatha;1890-1976}}"/>
      <frbrizer:relationship xmlns:frbrizer="http://idi.ntnu.no/frbrizer/"
                             type="a:authorOf"
                             href="{work=An autobiography;{person=Christie, Agatha;1890-1976}}"/>
      <frbrizer:relationship xmlns:frbrizer="http://idi.ntnu.no/frbrizer/"
                             type="a:authorOf"
                             href="{work=Best detective stories of Agatha Christie;{person=Christie, Agatha;1890-1976}}"/>
      <frbrizer:relationship xmlns:frbrizer="http://idi.ntnu.no/frbrizer/"
                             type="a:authorOf"
                             href="{work=Cards on the table;{person=Christie, Agatha;1890-1976}}"/>
      <frbrizer:relationship xmlns:frbrizer="http://idi.ntnu.no/frbrizer/"
                             type="a:authorOf"
                             href="{work=Come, tell me how you live;{person=Christie, Agatha;1890-1976}}"/>
      <frbrizer:relationship xmlns:frbrizer="http://idi.ntnu.no/frbrizer/"
                             type="a:authorOf"
                             href="{work=Crooked house;{person=Christie, Agatha;1890-1976}}"/>
      <frbrizer:relationship xmlns:frbrizer="http://idi.ntnu.no/frbrizer/"
                             type="a:authorOf"
                             href="{work=Death comes as the end;{person=Christie, Agatha;1890-1976}}"/>
      <frbrizer:relationship xmlns:frbrizer="http://idi.ntnu.no/frbrizer/"
                             type="a:authorOf"
                             href="{work=Death on the Nile;{person=Christie, Agatha;1890-1976}}"/>
      <frbrizer:relationship xmlns:frbrizer="http://idi.ntnu.no/frbrizer/"
                             type="a:authorOf"
                             href="{work=Elephants can remember;{person=Christie, Agatha;1890-1976}}"/>
      <frbrizer:relationship xmlns:frbrizer="http://idi.ntnu.no/frbrizer/"
                             type="a:authorOf"
                             href="{work=Hercule Poirot's casebook;{person=Christie, Agatha;1890-1976}}"/>
      <frbrizer:relationship xmlns:frbrizer="http://idi.ntnu.no/frbrizer/"
                             type="a:authorOf"
                             href="{work=Hollow;{person=Christie, Agatha;1890-1976}}"/>
      <frbrizer:relationship xmlns:frbrizer="http://idi.ntnu.no/frbrizer/"
                             type="a:authorOf"
                             href="{work=Miss Marple's final cases, and two other cases;{person=Christie, Agatha;1890-1976}}"/>
      <frbrizer:relationship xmlns:frbrizer="http://idi.ntnu.no/frbrizer/"
                             type="a:authorOf"
                             href="{work=Murder is easy;{person=Christie, Agatha;1890-1976}}"/>
      <frbrizer:relationship xmlns:frbrizer="http://idi.ntnu.no/frbrizer/"
                             type="a:authorOf"
                             href="{work=My flower garden;{person=Christie, Agatha;1890-1976}}"/>
      <frbrizer:relationship xmlns:frbrizer="http://idi.ntnu.no/frbrizer/"
                             type="a:authorOf"
                             href="{work=N or M;{person=Christie, Agatha;1890-1976}}"/>
      <frbrizer:relationship xmlns:frbrizer="http://idi.ntnu.no/frbrizer/"
                             type="a:authorOf"
                             href="{work=Ordeal by innocence;{person=Christie, Agatha;1890-1976}}"/>
      <frbrizer:relationship xmlns:frbrizer="http://idi.ntnu.no/frbrizer/"
                             type="a:authorOf"
                             href="{work=Poirot investigates;{person=Christie, Agatha;1890-1976}}"/>
      <frbrizer:relationship xmlns:frbrizer="http://idi.ntnu.no/frbrizer/"
                             type="a:authorOf"
                             href="{work=Poirot's early cases;{person=Christie, Agatha;1890-1976}}"/>
      <frbrizer:relationship xmlns:frbrizer="http://idi.ntnu.no/frbrizer/"
                             type="a:authorOf"
                             href="{work=Problem at Pollensa Bay and other stories;{person=Christie, Agatha;1890-1976}}"/>
      <frbrizer:relationship xmlns:frbrizer="http://idi.ntnu.no/frbrizer/"
                             type="a:authorOf"
                             href="{work=Star over Bethlehem, and other stories;{person=Christie, Agatha;1890-1976}}"/>
      <frbrizer:relationship xmlns:frbrizer="http://idi.ntnu.no/frbrizer/"
                             type="a:authorOf"
                             href="{work=Taken at the flood;{person=Christie, Agatha;1890-1976}}"/>
      <frbrizer:relationship xmlns:frbrizer="http://idi.ntnu.no/frbrizer/"
                             type="a:authorOf"
                             href="{work=The ABC murders;{person=Christie, Agatha;1890-1976}}"/>
      <frbrizer:relationship xmlns:frbrizer="http://idi.ntnu.no/frbrizer/"
                             type="a:authorOf"
                             href="{work=The Listerdale mystery;{person=Christie, Agatha;1890-1976}}"/>
      <frbrizer:relationship xmlns:frbrizer="http://idi.ntnu.no/frbrizer/"
                             type="a:authorOf"
                             href="{work=The Sittaford mystery;{person=Christie, Agatha;1890-1976}}"/>
      <frbrizer:relationship xmlns:frbrizer="http://idi.ntnu.no/frbrizer/"
                             type="a:authorOf"
                             href="{work=The adventure of the Christmas pudding;{person=Christie, Agatha;1890-1976}}"/>
      <frbrizer:relationship xmlns:frbrizer="http://idi.ntnu.no/frbrizer/"
                             type="a:authorOf"
                             href="{work=The man in the brown suit;{person=Christie, Agatha;1890-1976}}"/>
      <frbrizer:relationship xmlns:frbrizer="http://idi.ntnu.no/frbrizer/"
                             type="a:authorOf"
                             href="{work=The mousetrap : a play in two acts;{person=Christie, Agatha;1890-1976}}"/>
      <frbrizer:relationship xmlns:frbrizer="http://idi.ntnu.no/frbrizer/"
                             type="a:authorOf"
                             href="{work=The mousetrap and other plays;{person=Christie, Agatha;1890-1976}}"/>
      <frbrizer:relationship xmlns:frbrizer="http://idi.ntnu.no/frbrizer/"
                             type="a:authorOf"
                             href="{work=The murder on the links;{person=Christie, Agatha;1890-1976}}"/>
      <frbrizer:relationship xmlns:frbrizer="http://idi.ntnu.no/frbrizer/"
                             type="a:authorOf"
                             href="{work=The mysterious affair at Styles;{person=Christie, Agatha;1890-1976}}"/>
      <frbrizer:relationship xmlns:frbrizer="http://idi.ntnu.no/frbrizer/"
                             type="a:authorOf"
                             href="{work=The mystery of the Blue Train ; 4.50 from Paddington;{person=Christie, Agatha;1890-1976}}"/>
      <frbrizer:relationship xmlns:frbrizer="http://idi.ntnu.no/frbrizer/"
                             type="a:authorOf"
                             href="{work=The secret adversary;{person=Christie, Agatha;1890-1976}}"/>
      <frbrizer:relationship xmlns:frbrizer="http://idi.ntnu.no/frbrizer/"
                             type="a:authorOf"
                             href="{work=The secret of chimneys;{person=Christie, Agatha;1890-1976}}"/>
      <frbrizer:relationship xmlns:frbrizer="http://idi.ntnu.no/frbrizer/"
                             type="a:authorOf"
                             href="{work=Towards zero;{person=Christie, Agatha;1890-1976}}"/>
      <frbrizer:relationship xmlns:frbrizer="http://idi.ntnu.no/frbrizer/"
                             type="frsad:P2002"
                             href="{work=An autobiography;{person=Christie, Agatha;1890-1976}}"/>
      <frbrizer:relationship xmlns:frbrizer="http://idi.ntnu.no/frbrizer/"
                             type="frsad:P2002"
                             href="{work=Come, tell me how you live;{person=Christie, Agatha;1890-1976}}"/>
   </record>
   <record id="{person=Godfrey, Thomas}" type="c:Person">
      <datafield tag="700" ind1="1" ind2=" ">
         <subfield code="a" type="a:nameOfPerson">Godfrey, Thomas</subfield>
      </datafield>
   </record>
   <record id="{person=Poirot, Hercule}" type="c:Person">
      <datafield tag="600" ind1="1" ind2="0">
         <subfield code="a" type="a:nameOfPerson">Poirot, Hercule</subfield>
         <subfield code="c" type="a:titleOfThePerson">(Fictitious character)</subfield>
      </datafield>
      <frbrizer:relationship xmlns:frbrizer="http://idi.ntnu.no/frbrizer/"
                             type="frsad:P2002"
                             href="{work=Agatha Christie's Poirot;{person=Christie, Agatha;1890-1976}}"/>
   </record>
   <record id="{person=Westmacott, Mary;1890-1976}" type="c:Person">
      <datafield tag="100" ind1="1" ind2=" ">
         <subfield code="a" type="a:nameOfPerson">Westmacott, Mary</subfield>
         <subfield code="d" type="a:dateAssociatedWithPerson">1890-1976</subfield>
      </datafield>
      <frbrizer:relationship xmlns:frbrizer="http://idi.ntnu.no/frbrizer/"
                             type="a:authorOf"
                             href="{work=A daughter's a daughter;{person=Westmacott, Mary;1890-1976}}"/>
      <frbrizer:relationship xmlns:frbrizer="http://idi.ntnu.no/frbrizer/"
                             type="a:authorOf"
                             href="{work=Absent in the spring;{person=Westmacott, Mary;1890-1976}}"/>
      <frbrizer:relationship xmlns:frbrizer="http://idi.ntnu.no/frbrizer/"
                             type="a:authorOf"
                             href="{work=Giant's bread;{person=Westmacott, Mary;1890-1976}}"/>
      <frbrizer:relationship xmlns:frbrizer="http://idi.ntnu.no/frbrizer/"
                             type="a:authorOf"
                             href="{work=The burden;{person=Westmacott, Mary;1890-1976}}"/>
      <frbrizer:relationship xmlns:frbrizer="http://idi.ntnu.no/frbrizer/"
                             type="a:authorOf"
                             href="{work=The rose and the yew tree;{person=Westmacott, Mary;1890-1976}}"/>
      <frbrizer:relationship xmlns:frbrizer="http://idi.ntnu.no/frbrizer/"
                             type="a:authorOf"
                             href="{work=Unfinished portrait;{person=Westmacott, Mary;1890-1976}}"/>
   </record>
   <record id="{work=4:50 from Paddington;{person=Christie, Agatha;1890-1976}}"
           type="c:Work">
      <datafield tag="700" ind1="1" ind2=" ">
         <subfield code="t" type="w:titleOfWork">4:50 from Paddington.</subfield>
      </datafield>
      <frbrizer:relationship xmlns:frbrizer="http://idi.ntnu.no/frbrizer/"
                             type="w:author"
                             href="{person=Christie, Agatha;1890-1976}"/>
   </record>
   <record id="{work=A Body in the library;{person=Christie, Agatha;1890-1976}}"
           type="c:Work">
      <datafield tag="245" ind1="1" ind2="2">
         <subfield code="a" type="w:titleOfWork">A Body in the library</subfield>
      </datafield>
      <frbrizer:relationship xmlns:frbrizer="http://idi.ntnu.no/frbrizer/"
                             type="w:author"
                             href="{person=Christie, Agatha;1890-1976}"/>
   </record>
   <record id="{work=A Miss Marple quartet;{person=Christie, Agatha;1890-1976}}"
           type="c:Work">
      <datafield tag="245" ind1="1" ind2="2">
         <subfield code="a" type="w:titleOfWork">A Miss Marple quartet</subfield>
      </datafield>
      <frbrizer:relationship xmlns:frbrizer="http://idi.ntnu.no/frbrizer/"
                             type="w:author"
                             href="{person=Christie, Agatha;1890-1976}"/>
   </record>
   <record id="{work=A daughter's a daughter;{person=Westmacott, Mary;1890-1976}}"
           type="c:Work">
      <datafield tag="245" ind1="1" ind2="2">
         <subfield code="a" type="w:titleOfWork">A daughter's a daughter</subfield>
      </datafield>
      <frbrizer:relationship xmlns:frbrizer="http://idi.ntnu.no/frbrizer/"
                             type="w:author"
                             href="{person=Westmacott, Mary;1890-1976}"/>
   </record>
   <record id="{work=A murder is announced;{person=Christie, Agatha;1890-1976}}"
           type="c:Work">
      <datafield tag="245" ind1="1" ind2="2">
         <subfield code="a" type="w:titleOfWork">A murder is announced</subfield>
      </datafield>
      <frbrizer:relationship xmlns:frbrizer="http://idi.ntnu.no/frbrizer/"
                             type="w:author"
                             href="{person=Christie, Agatha;1890-1976}"/>
   </record>
   <record id="{work=Absent in the spring;{person=Westmacott, Mary;1890-1976}}"
           type="c:Work">
      <datafield tag="245" ind1="1" ind2="0">
         <subfield code="a" type="w:titleOfWork">Absent in the spring</subfield>
      </datafield>
      <frbrizer:relationship xmlns:frbrizer="http://idi.ntnu.no/frbrizer/"
                             type="w:author"
                             href="{person=Westmacott, Mary;1890-1976}"/>
   </record>
   <record id="{work=Agatha Christie's Poirot;{person=Christie, Agatha;1890-1976}}"
           type="c:Work">
      <datafield tag="245" ind1="1" ind2="0">
         <subfield code="a" type="w:titleOfWork">Agatha Christie's Poirot</subfield>
      </datafield>
      <frbrizer:relationship xmlns:frbrizer="http://idi.ntnu.no/frbrizer/"
                             type="frsad:P2001"
                             href="{person=Poirot, Hercule}"/>
      <frbrizer:relationship xmlns:frbrizer="http://idi.ntnu.no/frbrizer/"
                             type="w:author"
                             href="{person=Christie, Agatha;1890-1976}"/>
   </record>
   <record id="{work=An autobiography;{person=Christie, Agatha;1890-1976}}"
           type="c:Work">
      <datafield tag="245" ind1="1" ind2="3">
         <subfield code="a" type="w:titleOfWork">An autobiography</subfield>
      </datafield>
      <frbrizer:relationship xmlns:frbrizer="http://idi.ntnu.no/frbrizer/"
                             type="frsad:P2001"
                             href="{person=Christie, Agatha;1890-1976}"/>
      <frbrizer:relationship xmlns:frbrizer="http://idi.ntnu.no/frbrizer/"
                             type="w:author"
                             href="{person=Christie, Agatha;1890-1976}"/>
   </record>
   <record id="{work=Best detective stories of Agatha Christie;{person=Christie, Agatha;1890-1976}}"
           type="c:Work">
      <datafield tag="245" ind1="1" ind2="0">
         <subfield code="a" type="w:titleOfWork">Best detective stories of Agatha Christie</subfield>
      </datafield>
      <frbrizer:relationship xmlns:frbrizer="http://idi.ntnu.no/frbrizer/"
                             type="w:author"
                             href="{person=Christie, Agatha;1890-1976}"/>
   </record>
   <record id="{work=Cards on the table;{person=Christie, Agatha;1890-1976}}"
           type="c:Work">
      <datafield tag="245" ind1="1" ind2="0">
         <subfield code="a" type="w:titleOfWork">Cards on the table</subfield>
      </datafield>
      <frbrizer:relationship xmlns:frbrizer="http://idi.ntnu.no/frbrizer/"
                             type="w:author"
                             href="{person=Christie, Agatha;1890-1976}"/>
   </record>
   <record id="{work=Come, tell me how you live;{person=Christie, Agatha;1890-1976}}"
           type="c:Work">
      <datafield tag="245" ind1="1" ind2="0">
         <subfield code="a" type="w:titleOfWork">Come, tell me how you live</subfield>
      </datafield>
      <frbrizer:relationship xmlns:frbrizer="http://idi.ntnu.no/frbrizer/"
                             type="frsad:P2001"
                             href="{person=Christie, Agatha;1890-1976}"/>
      <frbrizer:relationship xmlns:frbrizer="http://idi.ntnu.no/frbrizer/"
                             type="w:author"
                             href="{person=Christie, Agatha;1890-1976}"/>
   </record>
   <record id="{work=Country house murders}" type="c:Work">
      <datafield tag="245" ind1="0" ind2="0">
         <subfield code="a" type="w:titleOfWork">Country house murders</subfield>
      </datafield>
   </record>
   <record id="{work=Crooked house;{person=Christie, Agatha;1890-1976}}"
           type="c:Work">
      <datafield tag="245" ind1="1" ind2="0">
         <subfield code="a" type="w:titleOfWork">Crooked house</subfield>
      </datafield>
      <frbrizer:relationship xmlns:frbrizer="http://idi.ntnu.no/frbrizer/"
                             type="w:author"
                             href="{person=Christie, Agatha;1890-1976}"/>
   </record>
   <record id="{work=Death comes as the end;{person=Christie, Agatha;1890-1976}}"
           type="c:Work">
      <datafield tag="245" ind1="1" ind2="0">
         <subfield code="a" type="w:titleOfWork">Death comes as the end</subfield>
      </datafield>
      <frbrizer:relationship xmlns:frbrizer="http://idi.ntnu.no/frbrizer/"
                             type="w:author"
                             href="{person=Christie, Agatha;1890-1976}"/>
   </record>
   <record id="{work=Death on the Nile;{person=Christie, Agatha;1890-1976}}"
           type="c:Work">
      <datafield tag="245" ind1="1" ind2="0">
         <subfield code="a" type="w:titleOfWork">Death on the Nile</subfield>
      </datafield>
      <frbrizer:relationship xmlns:frbrizer="http://idi.ntnu.no/frbrizer/"
                             type="w:author"
                             href="{person=Christie, Agatha;1890-1976}"/>
   </record>
   <record id="{work=Elephants can remember;{person=Christie, Agatha;1890-1976}}"
           type="c:Work">
      <datafield tag="245" ind1="1" ind2="0">
         <subfield code="a" type="w:titleOfWork">Elephants can remember</subfield>
      </datafield>
      <frbrizer:relationship xmlns:frbrizer="http://idi.ntnu.no/frbrizer/"
                             type="w:author"
                             href="{person=Christie, Agatha;1890-1976}"/>
   </record>
   <record id="{work=Giant's bread;{person=Westmacott, Mary;1890-1976}}"
           type="c:Work">
      <datafield tag="245" ind1="1" ind2="0">
         <subfield code="a" type="w:titleOfWork">Giant's bread</subfield>
      </datafield>
      <frbrizer:relationship xmlns:frbrizer="http://idi.ntnu.no/frbrizer/"
                             type="w:author"
                             href="{person=Westmacott, Mary;1890-1976}"/>
   </record>
   <record id="{work=Hercule Poirot's casebook;{person=Christie, Agatha;1890-1976}}"
           type="c:Work">
      <datafield tag="245" ind1="1" ind2="0">
         <subfield code="a" type="w:titleOfWork">Hercule Poirot's casebook</subfield>
      </datafield>
      <frbrizer:relationship xmlns:frbrizer="http://idi.ntnu.no/frbrizer/"
                             type="w:author"
                             href="{person=Christie, Agatha;1890-1976}"/>
   </record>
   <record id="{work=Hollow;{person=Christie, Agatha;1890-1976}}" type="c:Work">
      <datafield tag="240" ind1="1" ind2="0">
         <subfield code="a" type="w:titleOfWork">Hollow.</subfield>
      </datafield>
      <frbrizer:relationship xmlns:frbrizer="http://idi.ntnu.no/frbrizer/"
                             type="w:author"
                             href="{person=Christie, Agatha;1890-1976}"/>
   </record>
   <record id="{work=Miss Marple's final cases, and two other cases;{person=Christie, Agatha;1890-1976}}"
           type="c:Work">
      <datafield tag="245" ind1="1" ind2="0">
         <subfield code="a" type="w:titleOfWork">Miss Marple's final cases, and two other cases</subfield>
      </datafield>
      <frbrizer:relationship xmlns:frbrizer="http://idi.ntnu.no/frbrizer/"
                             type="w:author"
                             href="{person=Christie, Agatha;1890-1976}"/>
   </record>
   <record id="{work=Murder is easy;{person=Christie, Agatha;1890-1976}}"
           type="c:Work">
      <datafield tag="245" ind1="1" ind2="0">
         <subfield code="a" type="w:titleOfWork">Murder is easy</subfield>
      </datafield>
      <frbrizer:relationship xmlns:frbrizer="http://idi.ntnu.no/frbrizer/"
                             type="w:author"
                             href="{person=Christie, Agatha;1890-1976}"/>
   </record>
   <record id="{work=My flower garden;{person=Christie, Agatha;1890-1976}}"
           type="c:Work">
      <datafield tag="245" ind1="1" ind2="0">
         <subfield code="a" type="w:titleOfWork">My flower garden</subfield>
      </datafield>
      <frbrizer:relationship xmlns:frbrizer="http://idi.ntnu.no/frbrizer/"
                             type="w:author"
                             href="{person=Christie, Agatha;1890-1976}"/>
   </record>
   <record id="{work=N or M;{person=Christie, Agatha;1890-1976}}" type="c:Work">
      <datafield tag="245" ind1="1" ind2="0">
         <subfield code="a" type="w:titleOfWork">N or M?</subfield>
      </datafield>
      <frbrizer:relationship xmlns:frbrizer="http://idi.ntnu.no/frbrizer/"
                             type="w:author"
                             href="{person=Christie, Agatha;1890-1976}"/>
   </record>
   <record id="{work=Ordeal by innocence;{person=Christie, Agatha;1890-1976}}"
           type="c:Work">
      <datafield tag="245" ind1="1" ind2="0">
         <subfield code="a" type="w:titleOfWork">Ordeal by innocence</subfield>
      </datafield>
      <frbrizer:relationship xmlns:frbrizer="http://idi.ntnu.no/frbrizer/"
                             type="w:author"
                             href="{person=Christie, Agatha;1890-1976}"/>
   </record>
   <record id="{work=Poirot investigates;{person=Christie, Agatha;1890-1976}}"
           type="c:Work">
      <datafield tag="245" ind1="1" ind2="0">
         <subfield code="a" type="w:titleOfWork">Poirot investigates</subfield>
      </datafield>
      <frbrizer:relationship xmlns:frbrizer="http://idi.ntnu.no/frbrizer/"
                             type="w:author"
                             href="{person=Christie, Agatha;1890-1976}"/>
   </record>
   <record id="{work=Poirot's early cases;{person=Christie, Agatha;1890-1976}}"
           type="c:Work">
      <datafield tag="245" ind1="1" ind2="0">
         <subfield code="a" type="w:titleOfWork">Poirot's early cases</subfield>
      </datafield>
      <frbrizer:relationship xmlns:frbrizer="http://idi.ntnu.no/frbrizer/"
                             type="w:author"
                             href="{person=Christie, Agatha;1890-1976}"/>
   </record>
   <record id="{work=Problem at Pollensa Bay and other stories;{person=Christie, Agatha;1890-1976}}"
           type="c:Work">
      <datafield tag="245" ind1="1" ind2="0">
         <subfield code="a" type="w:titleOfWork">Problem at Pollensa Bay and other stories</subfield>
      </datafield>
      <frbrizer:relationship xmlns:frbrizer="http://idi.ntnu.no/frbrizer/"
                             type="w:author"
                             href="{person=Christie, Agatha;1890-1976}"/>
   </record>
   <record id="{work=Star over Bethlehem, and other stories;{person=Christie, Agatha;1890-1976}}"
           type="c:Work">
      <datafield tag="245" ind1="1" ind2="0">
         <subfield code="a" type="w:titleOfWork">Star over Bethlehem, and other stories</subfield>
      </datafield>
      <frbrizer:relationship xmlns:frbrizer="http://idi.ntnu.no/frbrizer/"
                             type="w:author"
                             href="{person=Christie, Agatha;1890-1976}"/>
   </record>
   <record id="{work=Taken at the flood;{person=Christie, Agatha;1890-1976}}"
           type="c:Work">
      <datafield tag="245" ind1="1" ind2="0">
         <subfield code="a" type="w:titleOfWork">Taken at the flood</subfield>
      </datafield>
      <frbrizer:relationship xmlns:frbrizer="http://idi.ntnu.no/frbrizer/"
                             type="w:author"
                             href="{person=Christie, Agatha;1890-1976}"/>
   </record>
   <record id="{work=The ABC murders;{person=Christie, Agatha;1890-1976}}"
           type="c:Work">
      <datafield tag="245" ind1="1" ind2="4">
         <subfield code="a" type="w:titleOfWork">The ABC murders</subfield>
      </datafield>
      <frbrizer:relationship xmlns:frbrizer="http://idi.ntnu.no/frbrizer/"
                             type="w:author"
                             href="{person=Christie, Agatha;1890-1976}"/>
   </record>
   <record id="{work=The Listerdale mystery;{person=Christie, Agatha;1890-1976}}"
           type="c:Work">
      <datafield tag="245" ind1="1" ind2="4">
         <subfield code="a" type="w:titleOfWork">The Listerdale mystery</subfield>
      </datafield>
      <frbrizer:relationship xmlns:frbrizer="http://idi.ntnu.no/frbrizer/"
                             type="w:author"
                             href="{person=Christie, Agatha;1890-1976}"/>
   </record>
   <record id="{work=The Sittaford mystery;{person=Christie, Agatha;1890-1976}}"
           type="c:Work">
      <datafield tag="245" ind1="1" ind2="4">
         <subfield code="a" type="w:titleOfWork">The Sittaford mystery</subfield>
      </datafield>
      <frbrizer:relationship xmlns:frbrizer="http://idi.ntnu.no/frbrizer/"
                             type="w:author"
                             href="{person=Christie, Agatha;1890-1976}"/>
   </record>
   <record id="{work=The adventure of the Christmas pudding;{person=Christie, Agatha;1890-1976}}"
           type="c:Work">
      <datafield tag="245" ind1="1" ind2="4">
         <subfield code="a" type="w:titleOfWork">The adventure of the Christmas pudding</subfield>
      </datafield>
      <frbrizer:relationship xmlns:frbrizer="http://idi.ntnu.no/frbrizer/"
                             type="w:author"
                             href="{person=Christie, Agatha;1890-1976}"/>
   </record>
   <record id="{work=The burden;{person=Westmacott, Mary;1890-1976}}"
           type="c:Work">
      <datafield tag="245" ind1="1" ind2="4">
         <subfield code="a" type="w:titleOfWork">The burden</subfield>
      </datafield>
      <frbrizer:relationship xmlns:frbrizer="http://idi.ntnu.no/frbrizer/"
                             type="w:author"
                             href="{person=Westmacott, Mary;1890-1976}"/>
   </record>
   <record id="{work=The man in the brown suit;{person=Christie, Agatha;1890-1976}}"
           type="c:Work">
      <datafield tag="245" ind1="1" ind2="4">
         <subfield code="a" type="w:titleOfWork">The man in the brown suit</subfield>
      </datafield>
      <frbrizer:relationship xmlns:frbrizer="http://idi.ntnu.no/frbrizer/"
                             type="w:author"
                             href="{person=Christie, Agatha;1890-1976}"/>
   </record>
   <record id="{work=The mousetrap : a play in two acts;{person=Christie, Agatha;1890-1976}}"
           type="c:Work">
      <datafield tag="245" ind1="1" ind2="4">
         <subfield code="a" type="w:titleOfWork">The mousetrap : a play in two acts</subfield>
      </datafield>
      <frbrizer:relationship xmlns:frbrizer="http://idi.ntnu.no/frbrizer/"
                             type="w:author"
                             href="{person=Christie, Agatha;1890-1976}"/>
   </record>
   <record id="{work=The mousetrap and other plays;{person=Christie, Agatha;1890-1976}}"
           type="c:Work">
      <datafield tag="245" ind1="1" ind2="4">
         <subfield code="a" type="w:titleOfWork">The mousetrap and other plays</subfield>
      </datafield>
      <frbrizer:relationship xmlns:frbrizer="http://idi.ntnu.no/frbrizer/"
                             type="w:author"
                             href="{person=Christie, Agatha;1890-1976}"/>
   </record>
   <record id="{work=The murder on the links;{person=Christie, Agatha;1890-1976}}"
           type="c:Work">
      <datafield tag="245" ind1="1" ind2="4">
         <subfield code="a" type="w:titleOfWork">The murder on the links</subfield>
      </datafield>
      <frbrizer:relationship xmlns:frbrizer="http://idi.ntnu.no/frbrizer/"
                             type="w:author"
                             href="{person=Christie, Agatha;1890-1976}"/>
   </record>
   <record id="{work=The mysterious affair at Styles;{person=Christie, Agatha;1890-1976}}"
           type="c:Work">
      <datafield tag="245" ind1="1" ind2="4">
         <subfield code="a" type="w:titleOfWork">The mysterious affair at Styles</subfield>
      </datafield>
      <frbrizer:relationship xmlns:frbrizer="http://idi.ntnu.no/frbrizer/"
                             type="w:author"
                             href="{person=Christie, Agatha;1890-1976}"/>
   </record>
   <record id="{work=The mystery of the Blue Train ; 4.50 from Paddington;{person=Christie, Agatha;1890-1976}}"
           type="c:Work">
      <datafield tag="245" ind1="1" ind2="4">
         <subfield code="a" type="w:titleOfWork">The mystery of the Blue Train ; 4.50 from Paddington</subfield>
      </datafield>
      <frbrizer:relationship xmlns:frbrizer="http://idi.ntnu.no/frbrizer/"
                             type="w:author"
                             href="{person=Christie, Agatha;1890-1976}"/>
   </record>
   <record id="{work=The rose and the yew tree;{person=Westmacott, Mary;1890-1976}}"
           type="c:Work">
      <datafield tag="245" ind1="1" ind2="4">
         <subfield code="a" type="w:titleOfWork">The rose and the yew tree</subfield>
      </datafield>
      <frbrizer:relationship xmlns:frbrizer="http://idi.ntnu.no/frbrizer/"
                             type="w:author"
                             href="{person=Westmacott, Mary;1890-1976}"/>
   </record>
   <record id="{work=The secret adversary;{person=Christie, Agatha;1890-1976}}"
           type="c:Work">
      <datafield tag="245" ind1="1" ind2="4">
         <subfield code="a" type="w:titleOfWork">The secret adversary</subfield>
      </datafield>
      <frbrizer:relationship xmlns:frbrizer="http://idi.ntnu.no/frbrizer/"
                             type="w:author"
                             href="{person=Christie, Agatha;1890-1976}"/>
   </record>
   <record id="{work=The secret of chimneys;{person=Christie, Agatha;1890-1976}}"
           type="c:Work">
      <datafield tag="245" ind1="1" ind2="4">
         <subfield code="a" type="w:titleOfWork">The secret of chimneys</subfield>
      </datafield>
      <frbrizer:relationship xmlns:frbrizer="http://idi.ntnu.no/frbrizer/"
                             type="w:author"
                             href="{person=Christie, Agatha;1890-1976}"/>
   </record>
   <record id="{work=Towards zero;{person=Christie, Agatha;1890-1976}}"
           type="c:Work">
      <datafield tag="245" ind1="1" ind2="0">
         <subfield code="a" type="w:titleOfWork">Towards zero</subfield>
      </datafield>
      <frbrizer:relationship xmlns:frbrizer="http://idi.ntnu.no/frbrizer/"
                             type="w:author"
                             href="{person=Christie, Agatha;1890-1976}"/>
   </record>
   <record id="{work=Unfinished portrait;{person=Westmacott, Mary;1890-1976}}"
           type="c:Work">
      <datafield tag="245" ind1="1" ind2="0">
         <subfield code="a" type="w:titleOfWork">Unfinished portrait</subfield>
      </datafield>
      <frbrizer:relationship xmlns:frbrizer="http://idi.ntnu.no/frbrizer/"
                             type="w:author"
                             href="{person=Westmacott, Mary;1890-1976}"/>
   </record>
</collection>
