<?xml version="1.0" encoding="UTF-8"?>
<collection xmlns="http://www.loc.gov/MARC21/slim">
   <record id="{person=allen:richard}" type="c:Person">
      <datafield tag="700" ind1="1" ind2=" ">
         <subfield code="a" type="a:nameOfPerson">Allen, Richard</subfield>
      </datafield>
   </record>
   <record id="{person=benmussa:simone}" type="c:Person">
      <datafield tag="700" ind1="1" ind2=" ">
         <subfield code="a" type="a:nameOfPerson">Benmussa, Simone</subfield>
      </datafield>
   </record>
   <record id="{person=christie:agatha;1890:1976}" type="c:Person">
      <datafield tag="100" ind1="1" ind2=" ">
         <subfield code="a" type="a:nameOfPerson">Christie, Agatha</subfield>
         <subfield code="d" type="a:dateAssociatedWithPerson">1890-1976</subfield>
      </datafield>
      <datafield tag="600" ind1="1" ind2="0">
         <subfield code="a" type="a:nameOfPerson">Christie, Agatha</subfield>
         <subfield code="d" type="a:dateAssociatedWithPerson">1890-1976</subfield>
      </datafield>
      <datafield tag="700" ind1="1" ind2=" ">
         <subfield code="a" type="a:nameOfPerson">Christie, Agatha</subfield>
         <subfield code="d" type="a:dateAssociatedWithPerson">1890-1976</subfield>
      </datafield>
      <frbrizer:relationship xmlns:frbrizer="http://idi.ntnu.no/frbrizer/"
                             type="a:authorOf"
                             href="{work=4:50:from:paddington:;1890:1976:;{person:christie:agatha;1890:1976}}"/>
      <frbrizer:relationship xmlns:frbrizer="http://idi.ntnu.no/frbrizer/"
                             type="a:authorOf"
                             href="{work=a:body:in:the:library;{person:christie:agatha;1890:1976}}"/>
      <frbrizer:relationship xmlns:frbrizer="http://idi.ntnu.no/frbrizer/"
                             type="a:authorOf"
                             href="{work=a:miss:marple:quartet;{person:christie:agatha;1890:1976}}"/>
      <frbrizer:relationship xmlns:frbrizer="http://idi.ntnu.no/frbrizer/"
                             type="a:authorOf"
                             href="{work=a:murder:is:announced;{person:christie:agatha;1890:1976}}"/>
      <frbrizer:relationship xmlns:frbrizer="http://idi.ntnu.no/frbrizer/"
                             type="a:authorOf"
                             href="{work=agatha:christie:s:poirot;{person:christie:agatha;1890:1976}}"/>
      <frbrizer:relationship xmlns:frbrizer="http://idi.ntnu.no/frbrizer/"
                             type="a:authorOf"
                             href="{work=an:autobiography;{person:christie:agatha;1890:1976}}"/>
      <frbrizer:relationship xmlns:frbrizer="http://idi.ntnu.no/frbrizer/"
                             type="a:authorOf"
                             href="{work=best:detective:stories:of:agatha:christie;{person:christie:agatha;1890:1976}}"/>
      <frbrizer:relationship xmlns:frbrizer="http://idi.ntnu.no/frbrizer/"
                             type="a:authorOf"
                             href="{work=cards:on:the:table;{person:christie:agatha;1890:1976}}"/>
      <frbrizer:relationship xmlns:frbrizer="http://idi.ntnu.no/frbrizer/"
                             type="a:authorOf"
                             href="{work=come:tell:me:how:you:live;{person:christie:agatha;1890:1976}}"/>
      <frbrizer:relationship xmlns:frbrizer="http://idi.ntnu.no/frbrizer/"
                             type="a:authorOf"
                             href="{work=crooked:house;{person:christie:agatha;1890:1976}}"/>
      <frbrizer:relationship xmlns:frbrizer="http://idi.ntnu.no/frbrizer/"
                             type="a:authorOf"
                             href="{work=death:comes:as:the:end;{person:christie:agatha;1890:1976}}"/>
      <frbrizer:relationship xmlns:frbrizer="http://idi.ntnu.no/frbrizer/"
                             type="a:authorOf"
                             href="{work=death:on:the:nile;{person:christie:agatha;1890:1976}}"/>
      <frbrizer:relationship xmlns:frbrizer="http://idi.ntnu.no/frbrizer/"
                             type="a:authorOf"
                             href="{work=elephants:can:remember;{person:christie:agatha;1890:1976}}"/>
      <frbrizer:relationship xmlns:frbrizer="http://idi.ntnu.no/frbrizer/"
                             type="a:authorOf"
                             href="{work=hercule:poirot:s:casebook;{person:christie:agatha;1890:1976}}"/>
      <frbrizer:relationship xmlns:frbrizer="http://idi.ntnu.no/frbrizer/"
                             type="a:authorOf"
                             href="{work=hollow:;{person:christie:agatha;1890:1976}}"/>
      <frbrizer:relationship xmlns:frbrizer="http://idi.ntnu.no/frbrizer/"
                             type="a:authorOf"
                             href="{work=miss:marple:s:final:cases:and:two:other:cases;{person:christie:agatha;1890:1976}}"/>
      <frbrizer:relationship xmlns:frbrizer="http://idi.ntnu.no/frbrizer/"
                             type="a:authorOf"
                             href="{work=murder:is:easy;{person:christie:agatha;1890:1976}}"/>
      <frbrizer:relationship xmlns:frbrizer="http://idi.ntnu.no/frbrizer/"
                             type="a:authorOf"
                             href="{work=my:flower:garden;{person:christie:agatha;1890:1976}}"/>
      <frbrizer:relationship xmlns:frbrizer="http://idi.ntnu.no/frbrizer/"
                             type="a:authorOf"
                             href="{work=n:or:m:;{person:christie:agatha;1890:1976}}"/>
      <frbrizer:relationship xmlns:frbrizer="http://idi.ntnu.no/frbrizer/"
                             type="a:authorOf"
                             href="{work=ordeal:by:innocence;{person:christie:agatha;1890:1976}}"/>
      <frbrizer:relationship xmlns:frbrizer="http://idi.ntnu.no/frbrizer/"
                             type="a:authorOf"
                             href="{work=poirot:investigates;{person:christie:agatha;1890:1976}}"/>
      <frbrizer:relationship xmlns:frbrizer="http://idi.ntnu.no/frbrizer/"
                             type="a:authorOf"
                             href="{work=poirot:s:early:cases;{person:christie:agatha;1890:1976}}"/>
      <frbrizer:relationship xmlns:frbrizer="http://idi.ntnu.no/frbrizer/"
                             type="a:authorOf"
                             href="{work=problem:at:pollensa:bay:and:other:stories;{person:christie:agatha;1890:1976}}"/>
      <frbrizer:relationship xmlns:frbrizer="http://idi.ntnu.no/frbrizer/"
                             type="a:authorOf"
                             href="{work=star:over:bethlehem:and:other:stories;{person:christie:agatha;1890:1976}}"/>
      <frbrizer:relationship xmlns:frbrizer="http://idi.ntnu.no/frbrizer/"
                             type="a:authorOf"
                             href="{work=taken:at:the:flood;{person:christie:agatha;1890:1976}}"/>
      <frbrizer:relationship xmlns:frbrizer="http://idi.ntnu.no/frbrizer/"
                             type="a:authorOf"
                             href="{work=the:abc:murders;{person:christie:agatha;1890:1976}}"/>
      <frbrizer:relationship xmlns:frbrizer="http://idi.ntnu.no/frbrizer/"
                             type="a:authorOf"
                             href="{work=the:adventure:of:the:christmas:pudding;{person:christie:agatha;1890:1976}}"/>
      <frbrizer:relationship xmlns:frbrizer="http://idi.ntnu.no/frbrizer/"
                             type="a:authorOf"
                             href="{work=the:listerdale:mystery;{person:christie:agatha;1890:1976}}"/>
      <frbrizer:relationship xmlns:frbrizer="http://idi.ntnu.no/frbrizer/"
                             type="a:authorOf"
                             href="{work=the:man:in:the:brown:suit;{person:christie:agatha;1890:1976}}"/>
      <frbrizer:relationship xmlns:frbrizer="http://idi.ntnu.no/frbrizer/"
                             type="a:authorOf"
                             href="{work=the:mousetrap:a:play:in:two:acts;{person:christie:agatha;1890:1976}}"/>
      <frbrizer:relationship xmlns:frbrizer="http://idi.ntnu.no/frbrizer/"
                             type="a:authorOf"
                             href="{work=the:mousetrap:and:other:plays;{person:christie:agatha;1890:1976}}"/>
      <frbrizer:relationship xmlns:frbrizer="http://idi.ntnu.no/frbrizer/"
                             type="a:authorOf"
                             href="{work=the:murder:on:the:links;{person:christie:agatha;1890:1976}}"/>
      <frbrizer:relationship xmlns:frbrizer="http://idi.ntnu.no/frbrizer/"
                             type="a:authorOf"
                             href="{work=the:mysterious:affair:at:styles;{person:christie:agatha;1890:1976}}"/>
      <frbrizer:relationship xmlns:frbrizer="http://idi.ntnu.no/frbrizer/"
                             type="a:authorOf"
                             href="{work=the:mystery:of:the:blue:train:4:50:from:paddington;{person:christie:agatha;1890:1976}}"/>
      <frbrizer:relationship xmlns:frbrizer="http://idi.ntnu.no/frbrizer/"
                             type="a:authorOf"
                             href="{work=the:secret:adversary;{person:christie:agatha;1890:1976}}"/>
      <frbrizer:relationship xmlns:frbrizer="http://idi.ntnu.no/frbrizer/"
                             type="a:authorOf"
                             href="{work=the:secret:of:chimneys;{person:christie:agatha;1890:1976}}"/>
      <frbrizer:relationship xmlns:frbrizer="http://idi.ntnu.no/frbrizer/"
                             type="a:authorOf"
                             href="{work=the:sittaford:mystery;{person:christie:agatha;1890:1976}}"/>
      <frbrizer:relationship xmlns:frbrizer="http://idi.ntnu.no/frbrizer/"
                             type="a:authorOf"
                             href="{work=towards:zero;{person:christie:agatha;1890:1976}}"/>
      <frbrizer:relationship xmlns:frbrizer="http://idi.ntnu.no/frbrizer/"
                             type="frsad:P2002"
                             href="{work=an:autobiography;{person:christie:agatha;1890:1976}}"/>
      <frbrizer:relationship xmlns:frbrizer="http://idi.ntnu.no/frbrizer/"
                             type="frsad:P2002"
                             href="{work=come:tell:me:how:you:live;{person:christie:agatha;1890:1976}}"/>
   </record>
   <record id="{person=godfrey:thomas}" type="c:Person">
      <datafield tag="700" ind1="1" ind2=" ">
         <subfield code="a" type="a:nameOfPerson">Godfrey, Thomas</subfield>
      </datafield>
   </record>
   <record id="{person=poirot:hercule}" type="c:Person">
      <datafield tag="600" ind1="1" ind2="0">
         <subfield code="a" type="a:nameOfPerson">Poirot, Hercule</subfield>
         <subfield code="c" type="a:titleOfThePerson">(Fictitious character)</subfield>
      </datafield>
      <frbrizer:relationship xmlns:frbrizer="http://idi.ntnu.no/frbrizer/"
                             type="frsad:P2002"
                             href="{work=agatha:christie:s:poirot;{person:christie:agatha;1890:1976}}"/>
   </record>
   <record id="{person=westmacott:mary;1890:1976}" type="c:Person">
      <datafield tag="100" ind1="1" ind2=" ">
         <subfield code="a" type="a:nameOfPerson">Westmacott, Mary</subfield>
         <subfield code="d" type="a:dateAssociatedWithPerson">1890-1976</subfield>
      </datafield>
      <frbrizer:relationship xmlns:frbrizer="http://idi.ntnu.no/frbrizer/"
                             type="a:authorOf"
                             href="{work=a:daughter:s:a:daughter;{person:westmacott:mary;1890:1976}}"/>
      <frbrizer:relationship xmlns:frbrizer="http://idi.ntnu.no/frbrizer/"
                             type="a:authorOf"
                             href="{work=absent:in:the:spring;{person:westmacott:mary;1890:1976}}"/>
      <frbrizer:relationship xmlns:frbrizer="http://idi.ntnu.no/frbrizer/"
                             type="a:authorOf"
                             href="{work=giant:s:bread;{person:westmacott:mary;1890:1976}}"/>
      <frbrizer:relationship xmlns:frbrizer="http://idi.ntnu.no/frbrizer/"
                             type="a:authorOf"
                             href="{work=the:burden;{person:westmacott:mary;1890:1976}}"/>
      <frbrizer:relationship xmlns:frbrizer="http://idi.ntnu.no/frbrizer/"
                             type="a:authorOf"
                             href="{work=the:rose:and:the:yew:tree;{person:westmacott:mary;1890:1976}}"/>
      <frbrizer:relationship xmlns:frbrizer="http://idi.ntnu.no/frbrizer/"
                             type="a:authorOf"
                             href="{work=unfinished:portrait;{person:westmacott:mary;1890:1976}}"/>
   </record>
   <record id="{work=4:50:from:paddington:;1890:1976:;{person:christie:agatha;1890:1976}}"
           type="c:Work">
      <datafield tag="700" ind1="1" ind2=" ">
         <subfield code="d" type="w:dateOfWork">1890-1976.</subfield>
         <subfield code="t" type="w:titleOfWork">4:50 from Paddington.</subfield>
      </datafield>
      <frbrizer:relationship xmlns:frbrizer="http://idi.ntnu.no/frbrizer/"
                             type="w:author"
                             href="{person=christie:agatha;1890:1976}"/>
   </record>
   <record id="{work=a:body:in:the:library;{person:christie:agatha;1890:1976}}"
           type="c:Work">
      <datafield tag="245" ind1="1" ind2="2">
         <subfield code="a" type="w:titleOfWork">A Body in the library</subfield>
      </datafield>
      <frbrizer:relationship xmlns:frbrizer="http://idi.ntnu.no/frbrizer/"
                             type="w:author"
                             href="{person=christie:agatha;1890:1976}"/>
   </record>
   <record id="{work=a:daughter:s:a:daughter;{person:westmacott:mary;1890:1976}}"
           type="c:Work">
      <datafield tag="245" ind1="1" ind2="2">
         <subfield code="a" type="w:titleOfWork">A daughter's a daughter</subfield>
      </datafield>
      <frbrizer:relationship xmlns:frbrizer="http://idi.ntnu.no/frbrizer/"
                             type="w:author"
                             href="{person=westmacott:mary;1890:1976}"/>
   </record>
   <record id="{work=a:miss:marple:quartet;{person:christie:agatha;1890:1976}}"
           type="c:Work">
      <datafield tag="245" ind1="1" ind2="2">
         <subfield code="a" type="w:titleOfWork">A Miss Marple quartet</subfield>
      </datafield>
      <frbrizer:relationship xmlns:frbrizer="http://idi.ntnu.no/frbrizer/"
                             type="w:author"
                             href="{person=christie:agatha;1890:1976}"/>
   </record>
   <record id="{work=a:murder:is:announced;{person:christie:agatha;1890:1976}}"
           type="c:Work">
      <datafield tag="245" ind1="1" ind2="2">
         <subfield code="a" type="w:titleOfWork">A murder is announced</subfield>
      </datafield>
      <frbrizer:relationship xmlns:frbrizer="http://idi.ntnu.no/frbrizer/"
                             type="w:author"
                             href="{person=christie:agatha;1890:1976}"/>
   </record>
   <record id="{work=absent:in:the:spring;{person:westmacott:mary;1890:1976}}"
           type="c:Work">
      <datafield tag="245" ind1="1" ind2="0">
         <subfield code="a" type="w:titleOfWork">Absent in the spring</subfield>
      </datafield>
      <frbrizer:relationship xmlns:frbrizer="http://idi.ntnu.no/frbrizer/"
                             type="w:author"
                             href="{person=westmacott:mary;1890:1976}"/>
   </record>
   <record id="{work=agatha:christie:s:poirot;{person:christie:agatha;1890:1976}}"
           type="c:Work">
      <datafield tag="245" ind1="1" ind2="0">
         <subfield code="a" type="w:titleOfWork">Agatha Christie's Poirot</subfield>
      </datafield>
      <frbrizer:relationship xmlns:frbrizer="http://idi.ntnu.no/frbrizer/"
                             type="frsad:P2001"
                             href="{person=poirot:hercule}"/>
      <frbrizer:relationship xmlns:frbrizer="http://idi.ntnu.no/frbrizer/"
                             type="w:author"
                             href="{person=christie:agatha;1890:1976}"/>
   </record>
   <record id="{work=an:autobiography;{person:christie:agatha;1890:1976}}"
           type="c:Work">
      <datafield tag="245" ind1="1" ind2="3">
         <subfield code="a" type="w:titleOfWork">An autobiography</subfield>
      </datafield>
      <frbrizer:relationship xmlns:frbrizer="http://idi.ntnu.no/frbrizer/"
                             type="frsad:P2001"
                             href="{person=christie:agatha;1890:1976}"/>
      <frbrizer:relationship xmlns:frbrizer="http://idi.ntnu.no/frbrizer/"
                             type="w:author"
                             href="{person=christie:agatha;1890:1976}"/>
   </record>
   <record id="{work=best:detective:stories:of:agatha:christie;{person:christie:agatha;1890:1976}}"
           type="c:Work">
      <datafield tag="245" ind1="1" ind2="0">
         <subfield code="a" type="w:titleOfWork">Best detective stories of Agatha Christie</subfield>
      </datafield>
      <frbrizer:relationship xmlns:frbrizer="http://idi.ntnu.no/frbrizer/"
                             type="w:author"
                             href="{person=christie:agatha;1890:1976}"/>
   </record>
   <record id="{work=cards:on:the:table;{person:christie:agatha;1890:1976}}"
           type="c:Work">
      <datafield tag="245" ind1="1" ind2="0">
         <subfield code="a" type="w:titleOfWork">Cards on the table</subfield>
      </datafield>
      <frbrizer:relationship xmlns:frbrizer="http://idi.ntnu.no/frbrizer/"
                             type="w:author"
                             href="{person=christie:agatha;1890:1976}"/>
   </record>
   <record id="{work=come:tell:me:how:you:live;{person:christie:agatha;1890:1976}}"
           type="c:Work">
      <datafield tag="245" ind1="1" ind2="0">
         <subfield code="a" type="w:titleOfWork">Come, tell me how you live</subfield>
      </datafield>
      <frbrizer:relationship xmlns:frbrizer="http://idi.ntnu.no/frbrizer/"
                             type="frsad:P2001"
                             href="{person=christie:agatha;1890:1976}"/>
      <frbrizer:relationship xmlns:frbrizer="http://idi.ntnu.no/frbrizer/"
                             type="w:author"
                             href="{person=christie:agatha;1890:1976}"/>
   </record>
   <record id="{work=country:house:murders}" type="c:Work">
      <datafield tag="245" ind1="0" ind2="0">
         <subfield code="a" type="w:titleOfWork">Country house murders</subfield>
      </datafield>
   </record>
   <record id="{work=crooked:house;{person:christie:agatha;1890:1976}}"
           type="c:Work">
      <datafield tag="245" ind1="1" ind2="0">
         <subfield code="a" type="w:titleOfWork">Crooked house</subfield>
      </datafield>
      <frbrizer:relationship xmlns:frbrizer="http://idi.ntnu.no/frbrizer/"
                             type="w:author"
                             href="{person=christie:agatha;1890:1976}"/>
   </record>
   <record id="{work=death:comes:as:the:end;{person:christie:agatha;1890:1976}}"
           type="c:Work">
      <datafield tag="245" ind1="1" ind2="0">
         <subfield code="a" type="w:titleOfWork">Death comes as the end</subfield>
      </datafield>
      <frbrizer:relationship xmlns:frbrizer="http://idi.ntnu.no/frbrizer/"
                             type="w:author"
                             href="{person=christie:agatha;1890:1976}"/>
   </record>
   <record id="{work=death:on:the:nile;{person:christie:agatha;1890:1976}}"
           type="c:Work">
      <datafield tag="245" ind1="1" ind2="0">
         <subfield code="a" type="w:titleOfWork">Death on the Nile</subfield>
      </datafield>
      <frbrizer:relationship xmlns:frbrizer="http://idi.ntnu.no/frbrizer/"
                             type="w:author"
                             href="{person=christie:agatha;1890:1976}"/>
   </record>
   <record id="{work=elephants:can:remember;{person:christie:agatha;1890:1976}}"
           type="c:Work">
      <datafield tag="245" ind1="1" ind2="0">
         <subfield code="a" type="w:titleOfWork">Elephants can remember</subfield>
      </datafield>
      <frbrizer:relationship xmlns:frbrizer="http://idi.ntnu.no/frbrizer/"
                             type="w:author"
                             href="{person=christie:agatha;1890:1976}"/>
   </record>
   <record id="{work=giant:s:bread;{person:westmacott:mary;1890:1976}}"
           type="c:Work">
      <datafield tag="245" ind1="1" ind2="0">
         <subfield code="a" type="w:titleOfWork">Giant's bread</subfield>
      </datafield>
      <frbrizer:relationship xmlns:frbrizer="http://idi.ntnu.no/frbrizer/"
                             type="w:author"
                             href="{person=westmacott:mary;1890:1976}"/>
   </record>
   <record id="{work=hercule:poirot:s:casebook;{person:christie:agatha;1890:1976}}"
           type="c:Work">
      <datafield tag="245" ind1="1" ind2="0">
         <subfield code="a" type="w:titleOfWork">Hercule Poirot's casebook</subfield>
      </datafield>
      <frbrizer:relationship xmlns:frbrizer="http://idi.ntnu.no/frbrizer/"
                             type="w:author"
                             href="{person=christie:agatha;1890:1976}"/>
   </record>
   <record id="{work=hollow:;{person:christie:agatha;1890:1976}}" type="c:Work">
      <datafield tag="240" ind1="1" ind2="0">
         <subfield code="a" type="w:titleOfWork">Hollow.</subfield>
      </datafield>
      <frbrizer:relationship xmlns:frbrizer="http://idi.ntnu.no/frbrizer/"
                             type="w:author"
                             href="{person=christie:agatha;1890:1976}"/>
   </record>
   <record id="{work=miss:marple:s:final:cases:and:two:other:cases;{person:christie:agatha;1890:1976}}"
           type="c:Work">
      <datafield tag="245" ind1="1" ind2="0">
         <subfield code="a" type="w:titleOfWork">Miss Marple's final cases, and two other cases</subfield>
      </datafield>
      <frbrizer:relationship xmlns:frbrizer="http://idi.ntnu.no/frbrizer/"
                             type="w:author"
                             href="{person=christie:agatha;1890:1976}"/>
   </record>
   <record id="{work=murder:is:easy;{person:christie:agatha;1890:1976}}"
           type="c:Work">
      <datafield tag="245" ind1="1" ind2="0">
         <subfield code="a" type="w:titleOfWork">Murder is easy</subfield>
      </datafield>
      <frbrizer:relationship xmlns:frbrizer="http://idi.ntnu.no/frbrizer/"
                             type="w:author"
                             href="{person=christie:agatha;1890:1976}"/>
   </record>
   <record id="{work=my:flower:garden;{person:christie:agatha;1890:1976}}"
           type="c:Work">
      <datafield tag="245" ind1="1" ind2="0">
         <subfield code="a" type="w:titleOfWork">My flower garden</subfield>
      </datafield>
      <frbrizer:relationship xmlns:frbrizer="http://idi.ntnu.no/frbrizer/"
                             type="w:author"
                             href="{person=christie:agatha;1890:1976}"/>
   </record>
   <record id="{work=n:or:m:;{person:christie:agatha;1890:1976}}" type="c:Work">
      <datafield tag="245" ind1="1" ind2="0">
         <subfield code="a" type="w:titleOfWork">N or M?</subfield>
      </datafield>
      <frbrizer:relationship xmlns:frbrizer="http://idi.ntnu.no/frbrizer/"
                             type="w:author"
                             href="{person=christie:agatha;1890:1976}"/>
   </record>
   <record id="{work=ordeal:by:innocence;{person:christie:agatha;1890:1976}}"
           type="c:Work">
      <datafield tag="245" ind1="1" ind2="0">
         <subfield code="a" type="w:titleOfWork">Ordeal by innocence</subfield>
      </datafield>
      <frbrizer:relationship xmlns:frbrizer="http://idi.ntnu.no/frbrizer/"
                             type="w:author"
                             href="{person=christie:agatha;1890:1976}"/>
   </record>
   <record id="{work=poirot:investigates;{person:christie:agatha;1890:1976}}"
           type="c:Work">
      <datafield tag="245" ind1="1" ind2="0">
         <subfield code="a" type="w:titleOfWork">Poirot investigates</subfield>
      </datafield>
      <frbrizer:relationship xmlns:frbrizer="http://idi.ntnu.no/frbrizer/"
                             type="w:author"
                             href="{person=christie:agatha;1890:1976}"/>
   </record>
   <record id="{work=poirot:s:early:cases;{person:christie:agatha;1890:1976}}"
           type="c:Work">
      <datafield tag="245" ind1="1" ind2="0">
         <subfield code="a" type="w:titleOfWork">Poirot's early cases</subfield>
      </datafield>
      <frbrizer:relationship xmlns:frbrizer="http://idi.ntnu.no/frbrizer/"
                             type="w:author"
                             href="{person=christie:agatha;1890:1976}"/>
   </record>
   <record id="{work=problem:at:pollensa:bay:and:other:stories;{person:christie:agatha;1890:1976}}"
           type="c:Work">
      <datafield tag="245" ind1="1" ind2="0">
         <subfield code="a" type="w:titleOfWork">Problem at Pollensa Bay and other stories</subfield>
      </datafield>
      <frbrizer:relationship xmlns:frbrizer="http://idi.ntnu.no/frbrizer/"
                             type="w:author"
                             href="{person=christie:agatha;1890:1976}"/>
   </record>
   <record id="{work=star:over:bethlehem:and:other:stories;{person:christie:agatha;1890:1976}}"
           type="c:Work">
      <datafield tag="245" ind1="1" ind2="0">
         <subfield code="a" type="w:titleOfWork">Star over Bethlehem, and other stories</subfield>
      </datafield>
      <frbrizer:relationship xmlns:frbrizer="http://idi.ntnu.no/frbrizer/"
                             type="w:author"
                             href="{person=christie:agatha;1890:1976}"/>
   </record>
   <record id="{work=taken:at:the:flood;{person:christie:agatha;1890:1976}}"
           type="c:Work">
      <datafield tag="245" ind1="1" ind2="0">
         <subfield code="a" type="w:titleOfWork">Taken at the flood</subfield>
      </datafield>
      <frbrizer:relationship xmlns:frbrizer="http://idi.ntnu.no/frbrizer/"
                             type="w:author"
                             href="{person=christie:agatha;1890:1976}"/>
   </record>
   <record id="{work=the:abc:murders;{person:christie:agatha;1890:1976}}"
           type="c:Work">
      <datafield tag="245" ind1="1" ind2="4">
         <subfield code="a" type="w:titleOfWork">The ABC murders</subfield>
      </datafield>
      <frbrizer:relationship xmlns:frbrizer="http://idi.ntnu.no/frbrizer/"
                             type="w:author"
                             href="{person=christie:agatha;1890:1976}"/>
   </record>
   <record id="{work=the:adventure:of:the:christmas:pudding;{person:christie:agatha;1890:1976}}"
           type="c:Work">
      <datafield tag="245" ind1="1" ind2="4">
         <subfield code="a" type="w:titleOfWork">The adventure of the Christmas pudding</subfield>
      </datafield>
      <frbrizer:relationship xmlns:frbrizer="http://idi.ntnu.no/frbrizer/"
                             type="w:author"
                             href="{person=christie:agatha;1890:1976}"/>
   </record>
   <record id="{work=the:burden;{person:westmacott:mary;1890:1976}}" type="c:Work">
      <datafield tag="245" ind1="1" ind2="4">
         <subfield code="a" type="w:titleOfWork">The burden</subfield>
      </datafield>
      <frbrizer:relationship xmlns:frbrizer="http://idi.ntnu.no/frbrizer/"
                             type="w:author"
                             href="{person=westmacott:mary;1890:1976}"/>
   </record>
   <record id="{work=the:listerdale:mystery;{person:christie:agatha;1890:1976}}"
           type="c:Work">
      <datafield tag="245" ind1="1" ind2="4">
         <subfield code="a" type="w:titleOfWork">The Listerdale mystery</subfield>
      </datafield>
      <frbrizer:relationship xmlns:frbrizer="http://idi.ntnu.no/frbrizer/"
                             type="w:author"
                             href="{person=christie:agatha;1890:1976}"/>
   </record>
   <record id="{work=the:man:in:the:brown:suit;{person:christie:agatha;1890:1976}}"
           type="c:Work">
      <datafield tag="245" ind1="1" ind2="4">
         <subfield code="a" type="w:titleOfWork">The man in the brown suit</subfield>
      </datafield>
      <frbrizer:relationship xmlns:frbrizer="http://idi.ntnu.no/frbrizer/"
                             type="w:author"
                             href="{person=christie:agatha;1890:1976}"/>
   </record>
   <record id="{work=the:mousetrap:a:play:in:two:acts;{person:christie:agatha;1890:1976}}"
           type="c:Work">
      <datafield tag="245" ind1="1" ind2="4">
         <subfield code="a" type="w:titleOfWork">The mousetrap : a play in two acts</subfield>
      </datafield>
      <frbrizer:relationship xmlns:frbrizer="http://idi.ntnu.no/frbrizer/"
                             type="w:author"
                             href="{person=christie:agatha;1890:1976}"/>
   </record>
   <record id="{work=the:mousetrap:and:other:plays;{person:christie:agatha;1890:1976}}"
           type="c:Work">
      <datafield tag="245" ind1="1" ind2="4">
         <subfield code="a" type="w:titleOfWork">The mousetrap and other plays</subfield>
      </datafield>
      <frbrizer:relationship xmlns:frbrizer="http://idi.ntnu.no/frbrizer/"
                             type="w:author"
                             href="{person=christie:agatha;1890:1976}"/>
   </record>
   <record id="{work=the:murder:on:the:links;{person:christie:agatha;1890:1976}}"
           type="c:Work">
      <datafield tag="245" ind1="1" ind2="4">
         <subfield code="a" type="w:titleOfWork">The murder on the links</subfield>
      </datafield>
      <frbrizer:relationship xmlns:frbrizer="http://idi.ntnu.no/frbrizer/"
                             type="w:author"
                             href="{person=christie:agatha;1890:1976}"/>
   </record>
   <record id="{work=the:mysterious:affair:at:styles;{person:christie:agatha;1890:1976}}"
           type="c:Work">
      <datafield tag="245" ind1="1" ind2="4">
         <subfield code="a" type="w:titleOfWork">The mysterious affair at Styles</subfield>
      </datafield>
      <frbrizer:relationship xmlns:frbrizer="http://idi.ntnu.no/frbrizer/"
                             type="w:author"
                             href="{person=christie:agatha;1890:1976}"/>
   </record>
   <record id="{work=the:mystery:of:the:blue:train:4:50:from:paddington;{person:christie:agatha;1890:1976}}"
           type="c:Work">
      <datafield tag="245" ind1="1" ind2="4">
         <subfield code="a" type="w:titleOfWork">The mystery of the Blue Train ; 4.50 from Paddington</subfield>
      </datafield>
      <frbrizer:relationship xmlns:frbrizer="http://idi.ntnu.no/frbrizer/"
                             type="w:author"
                             href="{person=christie:agatha;1890:1976}"/>
   </record>
   <record id="{work=the:rose:and:the:yew:tree;{person:westmacott:mary;1890:1976}}"
           type="c:Work">
      <datafield tag="245" ind1="1" ind2="4">
         <subfield code="a" type="w:titleOfWork">The rose and the yew tree</subfield>
      </datafield>
      <frbrizer:relationship xmlns:frbrizer="http://idi.ntnu.no/frbrizer/"
                             type="w:author"
                             href="{person=westmacott:mary;1890:1976}"/>
   </record>
   <record id="{work=the:secret:adversary;{person:christie:agatha;1890:1976}}"
           type="c:Work">
      <datafield tag="245" ind1="1" ind2="4">
         <subfield code="a" type="w:titleOfWork">The secret adversary</subfield>
      </datafield>
      <frbrizer:relationship xmlns:frbrizer="http://idi.ntnu.no/frbrizer/"
                             type="w:author"
                             href="{person=christie:agatha;1890:1976}"/>
   </record>
   <record id="{work=the:secret:of:chimneys;{person:christie:agatha;1890:1976}}"
           type="c:Work">
      <datafield tag="245" ind1="1" ind2="4">
         <subfield code="a" type="w:titleOfWork">The secret of chimneys</subfield>
      </datafield>
      <frbrizer:relationship xmlns:frbrizer="http://idi.ntnu.no/frbrizer/"
                             type="w:author"
                             href="{person=christie:agatha;1890:1976}"/>
   </record>
   <record id="{work=the:sittaford:mystery;{person:christie:agatha;1890:1976}}"
           type="c:Work">
      <datafield tag="245" ind1="1" ind2="4">
         <subfield code="a" type="w:titleOfWork">The Sittaford mystery</subfield>
      </datafield>
      <frbrizer:relationship xmlns:frbrizer="http://idi.ntnu.no/frbrizer/"
                             type="w:author"
                             href="{person=christie:agatha;1890:1976}"/>
   </record>
   <record id="{work=towards:zero;{person:christie:agatha;1890:1976}}"
           type="c:Work">
      <datafield tag="245" ind1="1" ind2="0">
         <subfield code="a" type="w:titleOfWork">Towards zero</subfield>
      </datafield>
      <frbrizer:relationship xmlns:frbrizer="http://idi.ntnu.no/frbrizer/"
                             type="w:author"
                             href="{person=christie:agatha;1890:1976}"/>
   </record>
   <record id="{work=unfinished:portrait;{person:westmacott:mary;1890:1976}}"
           type="c:Work">
      <datafield tag="245" ind1="1" ind2="0">
         <subfield code="a" type="w:titleOfWork">Unfinished portrait</subfield>
      </datafield>
      <frbrizer:relationship xmlns:frbrizer="http://idi.ntnu.no/frbrizer/"
                             type="w:author"
                             href="{person=westmacott:mary;1890:1976}"/>
   </record>
</collection>
